TN:
SF:src/app.js
FN:26,(anonymous_0)
FN:31,(anonymous_1)
FN:38,(anonymous_2)
FN:41,(anonymous_3)
FN:45,(anonymous_4)
FNF:5
FNH:0
FNDA:0,(anonymous_0)
FNDA:0,(anonymous_1)
FNDA:0,(anonymous_2)
FNDA:0,(anonymous_3)
FNDA:0,(anonymous_4)
DA:7,1
DA:9,1
DA:10,1
DA:13,1
DA:14,0
DA:17,1
DA:22,1
DA:24,1
DA:26,1
DA:27,0
DA:28,0
DA:31,1
DA:32,0
DA:33,0
DA:34,0
DA:36,0
DA:38,1
DA:39,0
DA:41,1
DA:42,0
DA:44,1
DA:45,0
DA:46,0
LF:23
LH:12
BRDA:10,0,0,1
BRDA:10,0,1,1
BRDA:13,1,0,0
BRDA:13,1,1,1
BRDA:33,2,0,0
BRDA:33,2,1,0
BRDA:33,3,0,0
BRDA:33,3,1,0
BRDA:44,4,0,0
BRDA:44,4,1,1
BRF:10
BRH:4
end_of_record
TN:
SF:src/config/database.js
FN:3,(anonymous_0)
FNF:1
FNH:0
FNDA:0,(anonymous_0)
DA:3,1
DA:4,0
DA:6,0
DA:7,0
DA:8,0
DA:11,0
DA:12,0
DA:14,0
DA:16,0
DA:17,0
LF:10
LH:1
BRDA:6,0,0,0
BRDA:6,0,1,0
BRDA:16,1,0,0
BRDA:16,1,1,0
BRF:4
BRH:0
end_of_record
TN:
SF:src/controllers/authController.js
FN:3,(anonymous_0)
FN:35,(anonymous_1)
FN:57,(anonymous_2)
FN:65,(anonymous_3)
FN:103,(anonymous_4)
FN:125,(anonymous_5)
FNF:6
FNH:3
FNDA:11,(anonymous_0)
FNDA:0,(anonymous_1)
FNDA:0,(anonymous_2)
FNDA:3,(anonymous_3)
FNDA:1,(anonymous_4)
FNDA:0,(anonymous_5)
DA:3,1
DA:4,11
DA:5,11
DA:8,11
DA:9,11
DA:10,1
DA:14,10
DA:15,0
DA:21,10
DA:22,10
DA:23,1
DA:27,9
DA:30,9
DA:31,9
DA:33,0
DA:35,0
DA:40,9
DA:42,9
DA:48,9
DA:54,0
DA:55,0
DA:57,0
DA:61,0
DA:65,1
DA:66,3
DA:67,3
DA:70,3
DA:71,0
DA:75,3
DA:76,3
DA:77,1
DA:81,2
DA:82,2
DA:83,1
DA:87,1
DA:93,1
DA:99,0
DA:103,1
DA:104,1
DA:106,1
DA:107,1
DA:108,0
DA:112,1
DA:113,1
DA:115,1
DA:117,0
DA:118,0
DA:120,0
DA:125,1
DA:126,0
DA:127,0
LF:51
LH:36
BRDA:9,0,0,1
BRDA:9,0,1,10
BRDA:9,1,0,11
BRDA:9,1,1,11
BRDA:14,2,0,0
BRDA:14,2,1,10
BRDA:14,3,0,10
BRDA:14,3,1,10
BRDA:22,4,0,1
BRDA:22,4,1,9
BRDA:44,5,0,9
BRDA:44,5,1,9
BRDA:54,6,0,0
BRDA:54,6,1,0
BRDA:70,7,0,0
BRDA:70,7,1,3
BRDA:70,8,0,3
BRDA:70,8,1,3
BRDA:76,9,0,1
BRDA:76,9,1,2
BRDA:82,10,0,1
BRDA:82,10,1,1
BRDA:89,11,0,1
BRDA:89,11,1,1
BRDA:107,12,0,0
BRDA:107,12,1,1
BRDA:117,13,0,0
BRDA:117,13,1,0
BRF:28
BRH:21
end_of_record
TN:
SF:src/middleware/auth.js
FN:3,(anonymous_0)
FNF:1
FNH:1
FNDA:4,(anonymous_0)
DA:3,1
DA:4,4
DA:5,4
DA:6,4
DA:7,1
DA:8,1
DA:11,3
DA:12,3
DA:13,1
DA:14,1
DA:17,2
DA:18,1
DA:19,1
DA:21,1
DA:22,1
LF:15
LH:15
BRDA:6,0,0,1
BRDA:6,0,1,3
BRDA:12,1,0,1
BRDA:12,1,1,2
BRDA:17,2,0,2
BRDA:17,2,1,2
BRF:6
BRH:6
end_of_record
TN:
SF:src/models/user.js
FN:28,(anonymous_0)
FN:34,(anonymous_1)
FNF:2
FNH:2
FNDA:9,(anonymous_0)
FNDA:2,(anonymous_1)
DA:4,1
DA:28,1
DA:29,9
DA:30,9
DA:34,1
DA:35,2
LF:6
LH:6
BRDA:29,0,0,0
BRDA:29,0,1,9
BRF:2
BRH:1
end_of_record
TN:
SF:src/routes/authRoutes.js
FN:8,(anonymous_0)
FNF:1
FNH:0
FNDA:0,(anonymous_0)
DA:5,1
DA:8,1
DA:9,0
DA:13,1
DA:14,1
DA:15,1
LF:6
LH:5
BRF:0
BRH:0
end_of_record
