{"/Users/katalina.dnl/Desktop/ESGI/4IW2/docker-avance/Docker-ecommerce/services/order-service/src/app.js": {"path":"/Users/katalina.dnl/Desktop/ESGI/4IW2/docker-avance/Docker-ecommerce/services/order-service/src/app.js","statementMap":{"0":{"start":{"line":7,"column":0},"end":{"line":7,"column":16}},"1":{"start":{"line":9,"column":12},"end":{"line":9,"column":21}},"2":{"start":{"line":10,"column":13},"end":{"line":10,"column":37}},"3":{"start":{"line":13,"column":0},"end":{"line":15,"column":1}},"4":{"start":{"line":14,"column":2},"end":{"line":14,"column":14}},"5":{"start":{"line":18,"column":0},"end":{"line":18,"column":16}},"6":{"start":{"line":19,"column":0},"end":{"line":19,"column":24}},"7":{"start":{"line":22,"column":0},"end":{"line":22,"column":36}},"8":{"start":{"line":25,"column":0},"end":{"line":27,"column":3}},"9":{"start":{"line":26,"column":2},"end":{"line":26,"column":55}},"10":{"start":{"line":29,"column":0},"end":{"line":33,"column":1}},"11":{"start":{"line":30,"column":2},"end":{"line":32,"column":5}},"12":{"start":{"line":31,"column":4},"end":{"line":31,"column":57}}},"fnMap":{"0":{"name":"(anonymous_0)","decl":{"start":{"line":25,"column":23},"end":{"line":25,"column":24}},"loc":{"start":{"line":25,"column":37},"end":{"line":27,"column":1}},"line":25},"1":{"name":"(anonymous_1)","decl":{"start":{"line":30,"column":19},"end":{"line":30,"column":20}},"loc":{"start":{"line":30,"column":25},"end":{"line":32,"column":3}},"line":30}},"branchMap":{"0":{"loc":{"start":{"line":10,"column":13},"end":{"line":10,"column":37}},"type":"binary-expr","locations":[{"start":{"line":10,"column":13},"end":{"line":10,"column":29}},{"start":{"line":10,"column":33},"end":{"line":10,"column":37}}],"line":10},"1":{"loc":{"start":{"line":13,"column":0},"end":{"line":15,"column":1}},"type":"if","locations":[{"start":{"line":13,"column":0},"end":{"line":15,"column":1}},{"start":{},"end":{}}],"line":13},"2":{"loc":{"start":{"line":29,"column":0},"end":{"line":33,"column":1}},"type":"if","locations":[{"start":{"line":29,"column":0},"end":{"line":33,"column":1}},{"start":{},"end":{}}],"line":29}},"s":{"0":1,"1":1,"2":1,"3":1,"4":0,"5":1,"6":1,"7":1,"8":1,"9":0,"10":1,"11":0,"12":0},"f":{"0":0,"1":0},"b":{"0":[1,0],"1":[0,1],"2":[0,1]},"inputSourceMap":null,"_coverageSchema":"1a1c01bbd47fc00a2c39e90264f33305004495a9","hash":"ab1bb584776dc4a3192eefd9206ed9ac59ccff6f"}
,"/Users/katalina.dnl/Desktop/ESGI/4IW2/docker-avance/Docker-ecommerce/services/order-service/src/config/database.js": {"path":"/Users/katalina.dnl/Desktop/ESGI/4IW2/docker-avance/Docker-ecommerce/services/order-service/src/config/database.js","statementMap":{"0":{"start":{"line":3,"column":25},"end":{"line":19,"column":1}},"1":{"start":{"line":4,"column":2},"end":{"line":18,"column":3}},"2":{"start":{"line":6,"column":4},"end":{"line":9,"column":5}},"3":{"start":{"line":7,"column":6},"end":{"line":7,"column":59}},"4":{"start":{"line":8,"column":6},"end":{"line":8,"column":13}},"5":{"start":{"line":11,"column":17},"end":{"line":11,"column":64}},"6":{"start":{"line":12,"column":4},"end":{"line":12,"column":62}},"7":{"start":{"line":14,"column":4},"end":{"line":14,"column":45}},"8":{"start":{"line":15,"column":4},"end":{"line":17,"column":5}},"9":{"start":{"line":16,"column":6},"end":{"line":16,"column":22}}},"fnMap":{"0":{"name":"(anonymous_0)","decl":{"start":{"line":3,"column":25},"end":{"line":3,"column":26}},"loc":{"start":{"line":3,"column":37},"end":{"line":19,"column":1}},"line":3}},"branchMap":{"0":{"loc":{"start":{"line":6,"column":4},"end":{"line":9,"column":5}},"type":"if","locations":[{"start":{"line":6,"column":4},"end":{"line":9,"column":5}},{"start":{},"end":{}}],"line":6},"1":{"loc":{"start":{"line":6,"column":8},"end":{"line":6,"column":79}},"type":"binary-expr","locations":[{"start":{"line":6,"column":8},"end":{"line":6,"column":44}},{"start":{"line":6,"column":48},"end":{"line":6,"column":79}}],"line":6},"2":{"loc":{"start":{"line":15,"column":4},"end":{"line":17,"column":5}},"type":"if","locations":[{"start":{"line":15,"column":4},"end":{"line":17,"column":5}},{"start":{},"end":{}}],"line":15}},"s":{"0":1,"1":0,"2":0,"3":0,"4":0,"5":0,"6":0,"7":0,"8":0,"9":0},"f":{"0":0},"b":{"0":[0,0],"1":[0,0],"2":[0,0]},"inputSourceMap":null,"_coverageSchema":"1a1c01bbd47fc00a2c39e90264f33305004495a9","hash":"99884a7a93126f674d88c4872c36ace67b2e32d0"}
,"/Users/katalina.dnl/Desktop/ESGI/4IW2/docker-avance/Docker-ecommerce/services/order-service/src/controllers/orderController.js": {"path":"/Users/katalina.dnl/Desktop/ESGI/4IW2/docker-avance/Docker-ecommerce/services/order-service/src/controllers/orderController.js","statementMap":{"0":{"start":{"line":6,"column":27},"end":{"line":61,"column":1}},"1":{"start":{"line":7,"column":2},"end":{"line":60,"column":3}},"2":{"start":{"line":8,"column":42},"end":{"line":8,"column":50}},"3":{"start":{"line":9,"column":19},"end":{"line":9,"column":34}},"4":{"start":{"line":12,"column":4},"end":{"line":14,"column":5}},"5":{"start":{"line":13,"column":6},"end":{"line":13,"column":76}},"6":{"start":{"line":17,"column":27},"end":{"line":17,"column":96}},"7":{"start":{"line":18,"column":22},"end":{"line":18,"column":23}},"8":{"start":{"line":19,"column":26},"end":{"line":19,"column":28}},"9":{"start":{"line":22,"column":4},"end":{"line":46,"column":5}},"10":{"start":{"line":23,"column":6},"end":{"line":45,"column":7}},"11":{"start":{"line":24,"column":25},"end":{"line":24,"column":92}},"12":{"start":{"line":25,"column":24},"end":{"line":25,"column":37}},"13":{"start":{"line":27,"column":8},"end":{"line":31,"column":9}},"14":{"start":{"line":28,"column":10},"end":{"line":30,"column":13}},"15":{"start":{"line":33,"column":8},"end":{"line":38,"column":11}},"16":{"start":{"line":40,"column":8},"end":{"line":40,"column":53}},"17":{"start":{"line":42,"column":8},"end":{"line":44,"column":11}},"18":{"start":{"line":48,"column":18},"end":{"line":54,"column":6}},"19":{"start":{"line":56,"column":4},"end":{"line":56,"column":23}},"20":{"start":{"line":57,"column":4},"end":{"line":57,"column":32}},"21":{"start":{"line":59,"column":4},"end":{"line":59,"column":53}},"22":{"start":{"line":64,"column":25},"end":{"line":71,"column":1}},"23":{"start":{"line":65,"column":2},"end":{"line":70,"column":3}},"24":{"start":{"line":66,"column":19},"end":{"line":66,"column":64}},"25":{"start":{"line":67,"column":4},"end":{"line":67,"column":21}},"26":{"start":{"line":69,"column":4},"end":{"line":69,"column":53}},"27":{"start":{"line":74,"column":28},"end":{"line":90,"column":1}},"28":{"start":{"line":75,"column":2},"end":{"line":89,"column":3}},"29":{"start":{"line":76,"column":18},"end":{"line":76,"column":53}},"30":{"start":{"line":77,"column":4},"end":{"line":79,"column":5}},"31":{"start":{"line":78,"column":6},"end":{"line":78,"column":71}},"32":{"start":{"line":82,"column":4},"end":{"line":84,"column":5}},"33":{"start":{"line":83,"column":6},"end":{"line":83,"column":69}},"34":{"start":{"line":86,"column":4},"end":{"line":86,"column":20}},"35":{"start":{"line":88,"column":4},"end":{"line":88,"column":53}},"36":{"start":{"line":93,"column":33},"end":{"line":130,"column":1}},"37":{"start":{"line":94,"column":2},"end":{"line":129,"column":3}},"38":{"start":{"line":95,"column":23},"end":{"line":95,"column":31}},"39":{"start":{"line":96,"column":20},"end":{"line":96,"column":33}},"40":{"start":{"line":99,"column":26},"end":{"line":99,"column":87}},"41":{"start":{"line":100,"column":4},"end":{"line":102,"column":5}},"42":{"start":{"line":101,"column":6},"end":{"line":101,"column":66}},"43":{"start":{"line":104,"column":18},"end":{"line":104,"column":47}},"44":{"start":{"line":105,"column":4},"end":{"line":107,"column":5}},"45":{"start":{"line":106,"column":6},"end":{"line":106,"column":71}},"46":{"start":{"line":110,"column":4},"end":{"line":112,"column":5}},"47":{"start":{"line":111,"column":6},"end":{"line":111,"column":69}},"48":{"start":{"line":115,"column":4},"end":{"line":117,"column":5}},"49":{"start":{"line":116,"column":6},"end":{"line":116,"column":94}},"50":{"start":{"line":119,"column":4},"end":{"line":121,"column":5}},"51":{"start":{"line":120,"column":6},"end":{"line":120,"column":93}},"52":{"start":{"line":123,"column":4},"end":{"line":123,"column":26}},"53":{"start":{"line":124,"column":4},"end":{"line":124,"column":23}},"54":{"start":{"line":126,"column":4},"end":{"line":126,"column":20}},"55":{"start":{"line":128,"column":4},"end":{"line":128,"column":53}},"56":{"start":{"line":133,"column":27},"end":{"line":172,"column":1}},"57":{"start":{"line":134,"column":2},"end":{"line":171,"column":3}},"58":{"start":{"line":135,"column":18},"end":{"line":135,"column":53}},"59":{"start":{"line":136,"column":4},"end":{"line":138,"column":5}},"60":{"start":{"line":137,"column":6},"end":{"line":137,"column":71}},"61":{"start":{"line":140,"column":4},"end":{"line":142,"column":5}},"62":{"start":{"line":141,"column":6},"end":{"line":141,"column":69}},"63":{"start":{"line":144,"column":4},"end":{"line":148,"column":5}},"64":{"start":{"line":145,"column":6},"end":{"line":147,"column":9}},"65":{"start":{"line":150,"column":4},"end":{"line":150,"column":31}},"66":{"start":{"line":151,"column":4},"end":{"line":151,"column":23}},"67":{"start":{"line":153,"column":27},"end":{"line":153,"column":96}},"68":{"start":{"line":156,"column":4},"end":{"line":166,"column":8}},"69":{"start":{"line":157,"column":6},"end":{"line":165,"column":7}},"70":{"start":{"line":158,"column":8},"end":{"line":161,"column":11}},"71":{"start":{"line":164,"column":8},"end":{"line":164,"column":95}},"72":{"start":{"line":168,"column":4},"end":{"line":168,"column":20}},"73":{"start":{"line":170,"column":4},"end":{"line":170,"column":53}}},"fnMap":{"0":{"name":"(anonymous_0)","decl":{"start":{"line":6,"column":27},"end":{"line":6,"column":28}},"loc":{"start":{"line":6,"column":47},"end":{"line":61,"column":1}},"line":6},"1":{"name":"(anonymous_1)","decl":{"start":{"line":64,"column":25},"end":{"line":64,"column":26}},"loc":{"start":{"line":64,"column":45},"end":{"line":71,"column":1}},"line":64},"2":{"name":"(anonymous_2)","decl":{"start":{"line":74,"column":28},"end":{"line":74,"column":29}},"loc":{"start":{"line":74,"column":48},"end":{"line":90,"column":1}},"line":74},"3":{"name":"(anonymous_3)","decl":{"start":{"line":93,"column":33},"end":{"line":93,"column":34}},"loc":{"start":{"line":93,"column":53},"end":{"line":130,"column":1}},"line":93},"4":{"name":"(anonymous_4)","decl":{"start":{"line":133,"column":27},"end":{"line":133,"column":28}},"loc":{"start":{"line":133,"column":47},"end":{"line":172,"column":1}},"line":133},"5":{"name":"(anonymous_5)","decl":{"start":{"line":156,"column":41},"end":{"line":156,"column":42}},"loc":{"start":{"line":156,"column":57},"end":{"line":166,"column":5}},"line":156}},"branchMap":{"0":{"loc":{"start":{"line":12,"column":4},"end":{"line":14,"column":5}},"type":"if","locations":[{"start":{"line":12,"column":4},"end":{"line":14,"column":5}},{"start":{},"end":{}}],"line":12},"1":{"loc":{"start":{"line":12,"column":8},"end":{"line":12,"column":70}},"type":"binary-expr","locations":[{"start":{"line":12,"column":8},"end":{"line":12,"column":17}},{"start":{"line":12,"column":21},"end":{"line":12,"column":45}},{"start":{"line":12,"column":49},"end":{"line":12,"column":70}}],"line":12},"2":{"loc":{"start":{"line":17,"column":27},"end":{"line":17,"column":96}},"type":"binary-expr","locations":[{"start":{"line":17,"column":27},"end":{"line":17,"column":63}},{"start":{"line":17,"column":67},"end":{"line":17,"column":96}}],"line":17},"3":{"loc":{"start":{"line":27,"column":8},"end":{"line":31,"column":9}},"type":"if","locations":[{"start":{"line":27,"column":8},"end":{"line":31,"column":9}},{"start":{},"end":{}}],"line":27},"4":{"loc":{"start":{"line":77,"column":4},"end":{"line":79,"column":5}},"type":"if","locations":[{"start":{"line":77,"column":4},"end":{"line":79,"column":5}},{"start":{},"end":{}}],"line":77},"5":{"loc":{"start":{"line":82,"column":4},"end":{"line":84,"column":5}},"type":"if","locations":[{"start":{"line":82,"column":4},"end":{"line":84,"column":5}},{"start":{},"end":{}}],"line":82},"6":{"loc":{"start":{"line":100,"column":4},"end":{"line":102,"column":5}},"type":"if","locations":[{"start":{"line":100,"column":4},"end":{"line":102,"column":5}},{"start":{},"end":{}}],"line":100},"7":{"loc":{"start":{"line":105,"column":4},"end":{"line":107,"column":5}},"type":"if","locations":[{"start":{"line":105,"column":4},"end":{"line":107,"column":5}},{"start":{},"end":{}}],"line":105},"8":{"loc":{"start":{"line":110,"column":4},"end":{"line":112,"column":5}},"type":"if","locations":[{"start":{"line":110,"column":4},"end":{"line":112,"column":5}},{"start":{},"end":{}}],"line":110},"9":{"loc":{"start":{"line":115,"column":4},"end":{"line":117,"column":5}},"type":"if","locations":[{"start":{"line":115,"column":4},"end":{"line":117,"column":5}},{"start":{},"end":{}}],"line":115},"10":{"loc":{"start":{"line":119,"column":4},"end":{"line":121,"column":5}},"type":"if","locations":[{"start":{"line":119,"column":4},"end":{"line":121,"column":5}},{"start":{},"end":{}}],"line":119},"11":{"loc":{"start":{"line":119,"column":8},"end":{"line":119,"column":62}},"type":"binary-expr","locations":[{"start":{"line":119,"column":8},"end":{"line":119,"column":36}},{"start":{"line":119,"column":40},"end":{"line":119,"column":62}}],"line":119},"12":{"loc":{"start":{"line":136,"column":4},"end":{"line":138,"column":5}},"type":"if","locations":[{"start":{"line":136,"column":4},"end":{"line":138,"column":5}},{"start":{},"end":{}}],"line":136},"13":{"loc":{"start":{"line":140,"column":4},"end":{"line":142,"column":5}},"type":"if","locations":[{"start":{"line":140,"column":4},"end":{"line":142,"column":5}},{"start":{},"end":{}}],"line":140},"14":{"loc":{"start":{"line":144,"column":4},"end":{"line":148,"column":5}},"type":"if","locations":[{"start":{"line":144,"column":4},"end":{"line":148,"column":5}},{"start":{},"end":{}}],"line":144},"15":{"loc":{"start":{"line":153,"column":27},"end":{"line":153,"column":96}},"type":"binary-expr","locations":[{"start":{"line":153,"column":27},"end":{"line":153,"column":63}},{"start":{"line":153,"column":67},"end":{"line":153,"column":96}}],"line":153}},"s":{"0":1,"1":3,"2":3,"3":3,"4":3,"5":1,"6":2,"7":2,"8":2,"9":2,"10":2,"11":2,"12":1,"13":1,"14":0,"15":1,"16":1,"17":1,"18":1,"19":1,"20":1,"21":0,"22":1,"23":0,"24":0,"25":0,"26":0,"27":1,"28":2,"29":2,"30":2,"31":0,"32":2,"33":1,"34":1,"35":0,"36":1,"37":2,"38":2,"39":2,"40":2,"41":2,"42":1,"43":1,"44":1,"45":0,"46":1,"47":0,"48":1,"49":0,"50":1,"51":0,"52":1,"53":1,"54":1,"55":0,"56":1,"57":2,"58":2,"59":2,"60":0,"61":2,"62":0,"63":2,"64":1,"65":1,"66":1,"67":1,"68":1,"69":1,"70":1,"71":0,"72":1,"73":0},"f":{"0":3,"1":0,"2":2,"3":2,"4":2,"5":1},"b":{"0":[1,2],"1":[3,2,2],"2":[2,0],"3":[0,1],"4":[0,2],"5":[1,1],"6":[1,1],"7":[0,1],"8":[0,1],"9":[0,1],"10":[0,1],"11":[1,0],"12":[0,2],"13":[0,2],"14":[1,1],"15":[1,0]},"inputSourceMap":null,"_coverageSchema":"1a1c01bbd47fc00a2c39e90264f33305004495a9","hash":"e5bbc7e62771ec19cfa0bf3e7255c8fd8815d80c"}
,"/Users/katalina.dnl/Desktop/ESGI/4IW2/docker-avance/Docker-ecommerce/services/order-service/src/middleware/auth.js": {"path":"/Users/katalina.dnl/Desktop/ESGI/4IW2/docker-avance/Docker-ecommerce/services/order-service/src/middleware/auth.js","statementMap":{"0":{"start":{"line":3,"column":20},"end":{"line":22,"column":1}},"1":{"start":{"line":4,"column":2},"end":{"line":21,"column":3}},"2":{"start":{"line":5,"column":23},"end":{"line":5,"column":48}},"3":{"start":{"line":6,"column":4},"end":{"line":8,"column":5}},"4":{"start":{"line":7,"column":6},"end":{"line":7,"column":65}},"5":{"start":{"line":10,"column":18},"end":{"line":10,"column":42}},"6":{"start":{"line":11,"column":4},"end":{"line":13,"column":5}},"7":{"start":{"line":12,"column":6},"end":{"line":12,"column":65}},"8":{"start":{"line":15,"column":20},"end":{"line":15,"column":83}},"9":{"start":{"line":16,"column":4},"end":{"line":16,"column":23}},"10":{"start":{"line":17,"column":4},"end":{"line":17,"column":11}},"11":{"start":{"line":19,"column":4},"end":{"line":19,"column":51}},"12":{"start":{"line":20,"column":4},"end":{"line":20,"column":63}}},"fnMap":{"0":{"name":"(anonymous_0)","decl":{"start":{"line":3,"column":20},"end":{"line":3,"column":21}},"loc":{"start":{"line":3,"column":40},"end":{"line":22,"column":1}},"line":3}},"branchMap":{"0":{"loc":{"start":{"line":6,"column":4},"end":{"line":8,"column":5}},"type":"if","locations":[{"start":{"line":6,"column":4},"end":{"line":8,"column":5}},{"start":{},"end":{}}],"line":6},"1":{"loc":{"start":{"line":11,"column":4},"end":{"line":13,"column":5}},"type":"if","locations":[{"start":{"line":11,"column":4},"end":{"line":13,"column":5}},{"start":{},"end":{}}],"line":11},"2":{"loc":{"start":{"line":15,"column":38},"end":{"line":15,"column":82}},"type":"binary-expr","locations":[{"start":{"line":15,"column":38},"end":{"line":15,"column":60}},{"start":{"line":15,"column":64},"end":{"line":15,"column":82}}],"line":15}},"s":{"0":1,"1":9,"2":9,"3":9,"4":0,"5":9,"6":9,"7":0,"8":9,"9":9,"10":9,"11":0,"12":0},"f":{"0":9},"b":{"0":[0,9],"1":[0,9],"2":[9,0]},"inputSourceMap":null,"_coverageSchema":"1a1c01bbd47fc00a2c39e90264f33305004495a9","hash":"c46fea55441875e77f3ef9647d38ed788cb209ab"}
,"/Users/katalina.dnl/Desktop/ESGI/4IW2/docker-avance/Docker-ecommerce/services/order-service/src/models/order.js": {"path":"/Users/katalina.dnl/Desktop/ESGI/4IW2/docker-avance/Docker-ecommerce/services/order-service/src/models/order.js","statementMap":{"0":{"start":{"line":3,"column":20},"end":{"line":56,"column":2}}},"fnMap":{},"branchMap":{},"s":{"0":1},"f":{},"b":{},"inputSourceMap":null,"_coverageSchema":"1a1c01bbd47fc00a2c39e90264f33305004495a9","hash":"56d118e8e1ccb802460baa96e775ca3a77c7fde1"}
,"/Users/katalina.dnl/Desktop/ESGI/4IW2/docker-avance/Docker-ecommerce/services/order-service/src/routes/orderRoutes.js": {"path":"/Users/katalina.dnl/Desktop/ESGI/4IW2/docker-avance/Docker-ecommerce/services/order-service/src/routes/orderRoutes.js","statementMap":{"0":{"start":{"line":5,"column":15},"end":{"line":5,"column":31}},"1":{"start":{"line":8,"column":0},"end":{"line":8,"column":17}},"2":{"start":{"line":11,"column":0},"end":{"line":11,"column":46}},"3":{"start":{"line":14,"column":0},"end":{"line":14,"column":43}},"4":{"start":{"line":17,"column":0},"end":{"line":17,"column":49}},"5":{"start":{"line":20,"column":0},"end":{"line":20,"column":63}},"6":{"start":{"line":23,"column":0},"end":{"line":23,"column":51}}},"fnMap":{},"branchMap":{},"s":{"0":1,"1":1,"2":1,"3":1,"4":1,"5":1,"6":1},"f":{},"b":{},"inputSourceMap":null,"_coverageSchema":"1a1c01bbd47fc00a2c39e90264f33305004495a9","hash":"56f6bcde278bb44fc9b2810d6ae86950a434240e"}
}
