TN:
SF:src/app.js
FN:25,(anonymous_0)
FN:30,(anonymous_1)
FNF:2
FNH:0
FNDA:0,(anonymous_0)
FNDA:0,(anonymous_1)
DA:7,1
DA:9,1
DA:10,1
DA:13,1
DA:14,0
DA:18,1
DA:19,1
DA:22,1
DA:25,1
DA:26,0
DA:29,1
DA:30,0
DA:31,0
LF:13
LH:9
BRDA:10,0,0,1
BRDA:10,0,1,0
BRDA:13,1,0,0
BRDA:13,1,1,1
BRDA:29,2,0,0
BRDA:29,2,1,1
BRF:6
BRH:3
end_of_record
TN:
SF:src/config/database.js
FN:3,(anonymous_0)
FNF:1
FNH:0
FNDA:0,(anonymous_0)
DA:3,1
DA:4,0
DA:6,0
DA:7,0
DA:8,0
DA:11,0
DA:12,0
DA:14,0
DA:15,0
DA:16,0
LF:10
LH:1
BRDA:6,0,0,0
BRDA:6,0,1,0
BRDA:6,1,0,0
BRDA:6,1,1,0
BRDA:15,2,0,0
BRDA:15,2,1,0
BRF:6
BRH:0
end_of_record
TN:
SF:src/controllers/orderController.js
FN:6,(anonymous_0)
FN:64,(anonymous_1)
FN:74,(anonymous_2)
FN:93,(anonymous_3)
FN:133,(anonymous_4)
FN:156,(anonymous_5)
FNF:6
FNH:5
FNDA:3,(anonymous_0)
FNDA:0,(anonymous_1)
FNDA:2,(anonymous_2)
FNDA:2,(anonymous_3)
FNDA:2,(anonymous_4)
FNDA:1,(anonymous_5)
DA:6,1
DA:7,3
DA:8,3
DA:9,3
DA:12,3
DA:13,1
DA:17,2
DA:18,2
DA:19,2
DA:22,2
DA:23,2
DA:24,2
DA:25,1
DA:27,1
DA:28,0
DA:33,1
DA:40,1
DA:42,1
DA:48,1
DA:56,1
DA:57,1
DA:59,0
DA:64,1
DA:65,0
DA:66,0
DA:67,0
DA:69,0
DA:74,1
DA:75,2
DA:76,2
DA:77,2
DA:78,0
DA:82,2
DA:83,1
DA:86,1
DA:88,0
DA:93,1
DA:94,2
DA:95,2
DA:96,2
DA:99,2
DA:100,2
DA:101,1
DA:104,1
DA:105,1
DA:106,0
DA:110,1
DA:111,0
DA:115,1
DA:116,0
DA:119,1
DA:120,0
DA:123,1
DA:124,1
DA:126,1
DA:128,0
DA:133,1
DA:134,2
DA:135,2
DA:136,2
DA:137,0
DA:140,2
DA:141,0
DA:144,2
DA:145,1
DA:150,1
DA:151,1
DA:153,1
DA:156,1
DA:157,1
DA:158,1
DA:164,0
DA:168,1
DA:170,0
LF:74
LH:57
BRDA:12,0,0,1
BRDA:12,0,1,2
BRDA:12,1,0,3
BRDA:12,1,1,2
BRDA:12,1,2,2
BRDA:17,2,0,2
BRDA:17,2,1,0
BRDA:27,3,0,0
BRDA:27,3,1,1
BRDA:77,4,0,0
BRDA:77,4,1,2
BRDA:82,5,0,1
BRDA:82,5,1,1
BRDA:100,6,0,1
BRDA:100,6,1,1
BRDA:105,7,0,0
BRDA:105,7,1,1
BRDA:110,8,0,0
BRDA:110,8,1,1
BRDA:115,9,0,0
BRDA:115,9,1,1
BRDA:119,10,0,0
BRDA:119,10,1,1
BRDA:119,11,0,1
BRDA:119,11,1,0
BRDA:136,12,0,0
BRDA:136,12,1,2
BRDA:140,13,0,0
BRDA:140,13,1,2
BRDA:144,14,0,1
BRDA:144,14,1,1
BRDA:153,15,0,1
BRDA:153,15,1,0
BRF:33
BRH:22
end_of_record
TN:
SF:src/middleware/auth.js
FN:3,(anonymous_0)
FNF:1
FNH:1
FNDA:9,(anonymous_0)
DA:3,1
DA:4,9
DA:5,9
DA:6,9
DA:7,0
DA:10,9
DA:11,9
DA:12,0
DA:15,9
DA:16,9
DA:17,9
DA:19,0
DA:20,0
LF:13
LH:9
BRDA:6,0,0,0
BRDA:6,0,1,9
BRDA:11,1,0,0
BRDA:11,1,1,9
BRDA:15,2,0,9
BRDA:15,2,1,0
BRF:6
BRH:3
end_of_record
TN:
SF:src/models/order.js
FNF:0
FNH:0
DA:3,1
LF:1
LH:1
BRF:0
BRH:0
end_of_record
TN:
SF:src/routes/orderRoutes.js
FNF:0
FNH:0
DA:5,1
DA:8,1
DA:11,1
DA:14,1
DA:17,1
DA:20,1
DA:23,1
LF:7
LH:7
BRF:0
BRH:0
end_of_record
